Android-Master/i2-Donate_Android/app/build/intermediates/manifest_merge_blame_file/debug/manifest-merger-blame-debug-report.txt
1<?xml version="1.0" encoding="utf-8"?>
2<manifest xmlns:android="http://schemas.android.com/apk/res/android"
3    package="com.i2donate"
4    android:versionCode="1"
5    android:versionName="1.0.0" >
6
7    <uses-sdk
8        android:minSdkVersion="26"
8-->src\main\AndroidManifest.xml
9        android:targetSdkVersion="27" />
9-->src\main\AndroidManifest.xml
10
11    <supports-screens
11-->src\main\AndroidManifest.xml:6:5-11:40
12        android:anyDensity="true"
12-->src\main\AndroidManifest.xml:7:9-34
13        android:largeScreens="true"
13-->src\main\AndroidManifest.xml:8:9-36
14        android:normalScreens="true"
14-->src\main\AndroidManifest.xml:9:9-37
15        android:smallScreens="true"
15-->src\main\AndroidManifest.xml:10:9-36
16        android:xlargeScreens="true" />
16-->src\main\AndroidManifest.xml:11:9-37
17
18    <uses-permission android:name="com.google.android.c2dm.permission.RECEIVE" />
18-->src\main\AndroidManifest.xml:13:5-82
18-->src\main\AndroidManifest.xml:13:22-79
19    <uses-permission android:name="android.permission.WAKE_LOCK" />
19-->src\main\AndroidManifest.xml:14:5-68
19-->src\main\AndroidManifest.xml:14:22-65
20
21    <permission
21-->src\main\AndroidManifest.xml:16:5-18:47
22        android:name="com.kuliza.taxi.permission.MAPS_RECEIVE"
22-->src\main\AndroidManifest.xml:17:9-63
23        android:protectionLevel="signature" />
23-->src\main\AndroidManifest.xml:18:9-44
24
25    <uses-permission android:name="android.permission.READ_PHONE_STATE" />
25-->src\main\AndroidManifest.xml:20:5-75
25-->src\main\AndroidManifest.xml:20:22-72
26    <uses-permission android:name="com.google.android.providers.gsf.permission.READ_GSERVICES" />
26-->src\main\AndroidManifest.xml:21:5-98
26-->src\main\AndroidManifest.xml:21:22-95
27    <uses-permission android:name="android.permission.ACCESS_COARSE_LOCATION" />
27-->src\main\AndroidManifest.xml:22:5-81
27-->src\main\AndroidManifest.xml:22:22-78
28    <uses-permission android:name="android.permission.ACCESS_FINE_LOCATION" />
28-->src\main\AndroidManifest.xml:23:5-79
28-->src\main\AndroidManifest.xml:23:22-76
29    <uses-permission android:name="android.permission.INTERNET" />
29-->src\main\AndroidManifest.xml:24:5-67
29-->src\main\AndroidManifest.xml:24:22-64
30    <uses-permission android:name="android.permission.ACCESS_NETWORK_STATE" />
30-->src\main\AndroidManifest.xml:25:5-79
30-->src\main\AndroidManifest.xml:25:22-76
31    <uses-permission android:name="android.permission.RECORD_VIDEO" />
31-->src\main\AndroidManifest.xml:26:5-71
31-->src\main\AndroidManifest.xml:26:22-68
32    <uses-permission android:name="android.permission.RECORD_AUDIO" />
32-->src\main\AndroidManifest.xml:27:5-71
32-->src\main\AndroidManifest.xml:27:22-68
33    <uses-permission android:name="android.permission.CAMERA" />
33-->src\main\AndroidManifest.xml:28:5-65
33-->src\main\AndroidManifest.xml:28:22-62
34    <uses-permission android:name="android.permission.CALL_PHONE" />
34-->src\main\AndroidManifest.xml:29:5-69
34-->src\main\AndroidManifest.xml:29:22-66
35    <uses-permission android:name="android.permission.READ_EXTERNAL_STORAGE" />
35-->src\main\AndroidManifest.xml:30:5-80
35-->src\main\AndroidManifest.xml:30:22-77
36    <uses-permission android:name="android.permission.WRITE_EXTERNAL_STORAGE" />
36-->src\main\AndroidManifest.xml:31:5-81
36-->src\main\AndroidManifest.xml:31:22-78
37    <uses-permission android:name="android.permission.READ_PHONE_STATE" />
37-->src\main\AndroidManifest.xml:20:5-75
37-->src\main\AndroidManifest.xml:20:22-72
38
39    <uses-feature
39-->src\main\AndroidManifest.xml:34:5-36:35
40        android:name="android.hardware.camera.any"
40-->src\main\AndroidManifest.xml:35:9-51
41        android:required="true" />
41-->src\main\AndroidManifest.xml:36:9-32
42    <uses-feature
42-->src\main\AndroidManifest.xml:37:5-39:36
43        android:name="android.hardware.camera.autofocus"
43-->src\main\AndroidManifest.xml:38:9-57
44        android:required="false" />
44-->src\main\AndroidManifest.xml:39:9-33
45
46    <uses-permission android:name="android.permission.ACCESS_WIFI_STATE" />
46-->[com.google.android.libraries.places:places:2.6.0] AndroidManifest.xml:10:5-76
46-->[com.google.android.libraries.places:places:2.6.0] AndroidManifest.xml:10:22-73
47
48    <queries>
48-->[com.facebook.android:facebook-common:15.0.2] AndroidManifest.xml:29:5-31:15
49        <package android:name="com.facebook.katana" />
49-->[com.facebook.android:facebook-common:15.0.2] AndroidManifest.xml:30:9-55
49-->[com.facebook.android:facebook-common:15.0.2] AndroidManifest.xml:30:18-52
50        <!-- Needs to be explicitly declared on Android R+ -->
51        <package android:name="com.google.android.apps.maps" />
51-->[com.google.android.gms:play-services-maps:18.1.0] AndroidManifest.xml:33:9-64
51-->[com.google.android.gms:play-services-maps:18.1.0] AndroidManifest.xml:33:18-61
52    </queries>
53
54    <uses-feature
54-->[com.google.android.gms:play-services-maps:18.1.0] AndroidManifest.xml:26:5-28:35
55        android:glEsVersion="0x00020000"
55-->[com.google.android.gms:play-services-maps:18.1.0] AndroidManifest.xml:27:9-41
56        android:required="true" />
56-->[com.google.android.gms:play-services-maps:18.1.0] AndroidManifest.xml:28:9-32
57
58    <uses-permission android:name="com.google.android.gms.permission.AD_ID" />
58-->[com.google.android.gms:play-services-measurement-api:21.1.1] AndroidManifest.xml:25:5-79
58-->[com.google.android.gms:play-services-measurement-api:21.1.1] AndroidManifest.xml:25:22-76
59    <uses-permission android:name="com.google.android.finsky.permission.BIND_GET_INSTALL_REFERRER_SERVICE" />
59-->[com.google.android.gms:play-services-measurement:21.1.1] AndroidManifest.xml:26:5-110
59-->[com.google.android.gms:play-services-measurement:21.1.1] AndroidManifest.xml:26:22-107
60
61    <application
61-->src\main\AndroidManifest.xml:41:5-227:19
62        android:name="com.i2donate.Interwork.MyApplication"
62-->src\main\AndroidManifest.xml:42:9-48
63        android:allowBackup="true"
63-->src\main\AndroidManifest.xml:43:9-35
64        android:appComponentFactory="androidx.core.app.CoreComponentFactory"
64-->[androidx.core:core:1.8.0] AndroidManifest.xml:24:18-86
65        android:debuggable="true"
66        android:exported="false"
66-->src\main\AndroidManifest.xml:44:9-33
67        android:extractNativeLibs="false"
68        android:fullBackupContent="false"
68-->src\main\AndroidManifest.xml:45:9-42
69        android:grantUriPermissions="true"
69-->src\main\AndroidManifest.xml:46:9-43
70        android:hardwareAccelerated="false"
70-->src\main\AndroidManifest.xml:47:9-44
71        android:icon="@mipmap/ic_launcher"
71-->src\main\AndroidManifest.xml:48:9-43
72        android:label="@string/app_name"
72-->src\main\AndroidManifest.xml:49:9-41
73        android:largeHeap="true"
73-->src\main\AndroidManifest.xml:50:9-33
74        android:roundIcon="@mipmap/ic_launcher"
74-->src\main\AndroidManifest.xml:51:9-48
75        android:supportsRtl="true"
75-->src\main\AndroidManifest.xml:52:9-35
76        android:testOnly="true"
77        android:theme="@style/ChatBackground"
77-->src\main\AndroidManifest.xml:53:9-46
78        android:usesCleartextTraffic="true"
78-->src\main\AndroidManifest.xml:54:9-44
79        android:windowSoftInputMode="adjustResize|stateAlwaysHidden" >
79-->src\main\AndroidManifest.xml:55:9-69
80        <activity android:name="com.i2donate.Activity.PrivactPolicyActivity" />
80-->src\main\AndroidManifest.xml:57:9-77
80-->src\main\AndroidManifest.xml:57:19-65
81        <activity
81-->src\main\AndroidManifest.xml:58:9-69:20
82            android:name="com.braintreepayments.api.BraintreeBrowserSwitchActivity"
82-->src\main\AndroidManifest.xml:59:13-84
83            android:launchMode="singleTask" >
83-->src\main\AndroidManifest.xml:60:13-44
84            <intent-filter>
84-->src\main\AndroidManifest.xml:61:13-68:29
85                <action android:name="android.intent.action.VIEW" />
85-->src\main\AndroidManifest.xml:62:17-69
85-->src\main\AndroidManifest.xml:62:25-66
86
87                <category android:name="android.intent.category.DEFAULT" />
87-->src\main\AndroidManifest.xml:64:17-76
87-->src\main\AndroidManifest.xml:64:27-73
88                <category android:name="android.intent.category.BROWSABLE" />
88-->src\main\AndroidManifest.xml:65:17-78
88-->src\main\AndroidManifest.xml:65:27-75
89
90                <data android:scheme="com.i2donate.braintree" />
90-->src\main\AndroidManifest.xml:67:23-66
91            </intent-filter>
92        </activity>
93        <activity android:name="com.i2donate.Activity.BrainTreePaymentActivity" />
93-->src\main\AndroidManifest.xml:70:9-71
93-->src\main\AndroidManifest.xml:70:19-68
94        <activity android:name="com.i2donate.Activity.PrivacyPolicyActivity" />
94-->src\main\AndroidManifest.xml:71:9-68
94-->src\main\AndroidManifest.xml:71:19-65
95        <activity android:name="com.i2donate.Activity.TermsAndConditionActivity" />
95-->src\main\AndroidManifest.xml:72:9-72
95-->src\main\AndroidManifest.xml:72:19-69
96        <activity android:name="com.i2donate.Activity.NewtypesActivity" />
96-->src\main\AndroidManifest.xml:73:9-63
96-->src\main\AndroidManifest.xml:73:19-60
97
98        <meta-data
98-->src\main\AndroidManifest.xml:75:9-77:37
99            android:name="firebase_crashlytics_collection_enabled"
99-->src\main\AndroidManifest.xml:76:13-67
100            android:value="false" />
100-->src\main\AndroidManifest.xml:77:13-34
101
102        <service
102-->src\main\AndroidManifest.xml:79:9-85:19
103            android:name="com.i2donate.Notification.fcm.MyFirebaseMessagingService"
103-->src\main\AndroidManifest.xml:80:13-72
104            android:exported="false" >
104-->src\main\AndroidManifest.xml:81:13-37
105            <intent-filter>
105-->src\main\AndroidManifest.xml:82:13-84:29
106                <action android:name="com.google.firebase.MESSAGING_EVENT" />
106-->src\main\AndroidManifest.xml:83:17-78
106-->src\main\AndroidManifest.xml:83:25-75
107            </intent-filter>
108        </service>
109
110        <receiver android:name="com.i2donate.Notification.fcm.OnBootBroadcastReceiver" >
110-->src\main\AndroidManifest.xml:87:9-91:20
110-->src\main\AndroidManifest.xml:87:19-75
111            <intent-filter>
111-->src\main\AndroidManifest.xml:88:13-90:29
112                <action android:name="android.intent.action.BOOT_COMPLETED" />
112-->src\main\AndroidManifest.xml:89:17-79
112-->src\main\AndroidManifest.xml:89:25-76
113            </intent-filter>
114        </receiver>
115
116        <activity android:name="com.i2donate.Activity.ConfirmationActivity" />
116-->src\main\AndroidManifest.xml:93:9-67
116-->src\main\AndroidManifest.xml:93:19-64
117        <activity android:name="com.i2donate.Activity.AnnualRevenueActivity" />
117-->src\main\AndroidManifest.xml:94:9-68
117-->src\main\AndroidManifest.xml:94:19-65
118        <activity android:name="com.i2donate.Activity.TitleSubTitleActivity" />
118-->src\main\AndroidManifest.xml:95:9-68
118-->src\main\AndroidManifest.xml:95:19-65
119        <activity android:name="com.i2donate.Activity.SubCategoryActivity" />
119-->src\main\AndroidManifest.xml:96:9-66
119-->src\main\AndroidManifest.xml:96:19-63
120        <activity android:name="com.i2donate.Activity.AdvanceCompletedActivity" />
120-->src\main\AndroidManifest.xml:97:9-71
120-->src\main\AndroidManifest.xml:97:19-68
121        <activity android:name="com.i2donate.Activity.PaymentSuccessActivity" />
121-->src\main\AndroidManifest.xml:98:9-69
121-->src\main\AndroidManifest.xml:98:19-66
122        <activity android:name="com.i2donate.Activity.SelectPaymentActivity" />
122-->src\main\AndroidManifest.xml:99:9-68
122-->src\main\AndroidManifest.xml:99:19-65
123        <activity android:name="com.i2donate.Activity.ChangePasswordActivity" />
123-->src\main\AndroidManifest.xml:100:9-69
123-->src\main\AndroidManifest.xml:100:19-66
124        <activity
124-->src\main\AndroidManifest.xml:101:9-103:76
125            android:name="com.i2donate.Activity.OtpActivity"
125-->src\main\AndroidManifest.xml:102:13-49
126            android:windowSoftInputMode="adjustResize|stateAlwaysHidden" />
126-->src\main\AndroidManifest.xml:103:13-73
127        <activity android:name="com.i2donate.Activity.ForgotActivity" />
127-->src\main\AndroidManifest.xml:104:9-61
127-->src\main\AndroidManifest.xml:104:19-58
128        <activity android:name="com.i2donate.Activity.AdvanceSearchActivity" />
128-->src\main\AndroidManifest.xml:105:9-68
128-->src\main\AndroidManifest.xml:105:19-65
129        <activity
129-->src\main\AndroidManifest.xml:106:9-108:53
130            android:name="com.i2donate.Activity.AdavanceSearchUIDesign"
130-->src\main\AndroidManifest.xml:107:13-60
131            android:theme="@style/adavance_theme" />
131-->src\main\AndroidManifest.xml:108:13-50
132        <activity android:name="com.i2donate.Activity.AdavanceSearch_new" />
132-->src\main\AndroidManifest.xml:109:9-65
132-->src\main\AndroidManifest.xml:109:19-62
133        <activity android:name="com.i2donate.Activity.HelpSupportActivity" />
133-->src\main\AndroidManifest.xml:110:9-66
133-->src\main\AndroidManifest.xml:110:19-63
134        <activity android:name="com.i2donate.Activity.AboutActivity" />
134-->src\main\AndroidManifest.xml:111:9-60
134-->src\main\AndroidManifest.xml:111:19-57
135        <activity android:name="com.i2donate.Activity.InternationalCharitiesActivity" />
135-->src\main\AndroidManifest.xml:112:9-77
135-->src\main\AndroidManifest.xml:112:19-74
136        <activity android:name="com.i2donate.Activity.PlaceSearchActivity" />
136-->src\main\AndroidManifest.xml:113:9-66
136-->src\main\AndroidManifest.xml:113:19-63
137        <activity android:name="com.i2donate.Activity.AutosearchActivity" />
137-->src\main\AndroidManifest.xml:114:9-65
137-->src\main\AndroidManifest.xml:114:19-62
138        <!--
139             The API key for Google Maps-based APIs is defined as a string resource.
140             (See the file "res/values/google_maps_api.xml").
141             Note that the API key is linked to the encryption key used to sign the APK.
142             You need a different API key for each encryption key, including the release key that is used to
143             sign the APK for publishing.
144             You can define the keys for the debug and release targets in src/debug/ and src/release/.
145        -->
146        <!--
147   <meta-data
148            android:name="com.google.android.geo.API_KEY"
149            android:value="AIzaSyDwyL_q0Z9StsO0xYL_7qR7_ZIeW85I110" />
150        -->
151        <activity android:name="com.i2donate.Activity.UpdateActivity" />
151-->src\main\AndroidManifest.xml:128:9-61
151-->src\main\AndroidManifest.xml:128:19-58
152        <activity android:name="com.i2donate.Activity.AdvanceSearch1Activity" />
152-->src\main\AndroidManifest.xml:129:9-69
152-->src\main\AndroidManifest.xml:129:19-66
153        <activity
153-->src\main\AndroidManifest.xml:130:9-132:58
154            android:name="com.i2donate.Activity.WelcomeActivity"
154-->src\main\AndroidManifest.xml:131:13-53
155            android:theme="@style/inter_splash_screen" />
155-->src\main\AndroidManifest.xml:132:13-55
156        <activity
156-->src\main\AndroidManifest.xml:133:9-135:76
157            android:name="com.i2donate.Activity.UnitedStateDetailsActivity"
157-->src\main\AndroidManifest.xml:134:13-64
158            android:windowSoftInputMode="adjustResize|stateAlwaysHidden" />
158-->src\main\AndroidManifest.xml:135:13-73
159        <activity
159-->src\main\AndroidManifest.xml:136:9-138:48
160            android:name="com.i2donate.Activity.SettingActivity"
160-->src\main\AndroidManifest.xml:137:13-53
161            android:theme="@style/AppTheme1" />
161-->src\main\AndroidManifest.xml:138:13-45
162        <activity android:name="com.i2donate.Activity.NotificationActivity" />
162-->src\main\AndroidManifest.xml:139:9-67
162-->src\main\AndroidManifest.xml:139:19-64
163        <activity android:name="com.i2donate.Activity.FollowingActivity" />
163-->src\main\AndroidManifest.xml:140:9-64
163-->src\main\AndroidManifest.xml:140:19-61
164        <activity android:name="com.i2donate.Activity.TypesActivity" />
164-->src\main\AndroidManifest.xml:141:9-60
164-->src\main\AndroidManifest.xml:141:19-57
165        <activity
165-->src\main\AndroidManifest.xml:142:9-145:76
166            android:name="com.i2donate.Activity.NameSearchActivity"
166-->src\main\AndroidManifest.xml:143:13-56
167            android:theme="@style/ChatBackground"
167-->src\main\AndroidManifest.xml:144:13-50
168            android:windowSoftInputMode="adjustResize|stateAlwaysHidden" />
168-->src\main\AndroidManifest.xml:145:13-73
169        <activity
169-->src\main\AndroidManifest.xml:146:9-148:67
170            android:name="com.i2donate.Activity.UnitedStateActivity"
170-->src\main\AndroidManifest.xml:147:13-57
171            android:windowSoftInputMode="adjustPan|stateHidden" />
171-->src\main\AndroidManifest.xml:148:13-64
172        <activity
172-->src\main\AndroidManifest.xml:149:9-152:76
173            android:name="com.i2donate.CommonActivity.CommonBackActivity"
173-->src\main\AndroidManifest.xml:150:13-62
174            android:theme="@style/ChatBackground"
174-->src\main\AndroidManifest.xml:151:13-50
175            android:windowSoftInputMode="adjustResize|stateAlwaysHidden" />
175-->src\main\AndroidManifest.xml:152:13-73
176        <activity android:name="com.i2donate.Activity.RegisterActivity" />
176-->src\main\AndroidManifest.xml:153:9-63
176-->src\main\AndroidManifest.xml:153:19-60
177        <activity
177-->src\main\AndroidManifest.xml:154:9-157:48
178            android:name="com.facebook.FacebookActivity"
178-->src\main\AndroidManifest.xml:155:13-57
179            android:configChanges="keyboard|keyboardHidden|screenLayout|screenSize|orientation"
179-->src\main\AndroidManifest.xml:156:13-96
180            android:label="@string/app_name"
180-->src\main\AndroidManifest.xml:157:13-45
181            android:theme="@style/com_facebook_activity_theme" />
181-->[com.facebook.android:facebook-common:15.0.2] AndroidManifest.xml:37:13-63
182        <activity
182-->src\main\AndroidManifest.xml:158:9-169:20
183            android:name="com.facebook.CustomTabActivity"
183-->src\main\AndroidManifest.xml:159:13-58
184            android:exported="true" >
184-->src\main\AndroidManifest.xml:160:13-36
185            <intent-filter>
185-->src\main\AndroidManifest.xml:161:13-168:29
186                <action android:name="android.intent.action.VIEW" />
186-->src\main\AndroidManifest.xml:62:17-69
186-->src\main\AndroidManifest.xml:62:25-66
187
188                <category android:name="android.intent.category.DEFAULT" />
188-->src\main\AndroidManifest.xml:64:17-76
188-->src\main\AndroidManifest.xml:64:27-73
189                <category android:name="android.intent.category.BROWSABLE" />
189-->src\main\AndroidManifest.xml:65:17-78
189-->src\main\AndroidManifest.xml:65:27-75
190
191                <data android:scheme="@string/fb_login_protocol_scheme" />
191-->src\main\AndroidManifest.xml:67:23-66
192            </intent-filter>
193            <intent-filter>
193-->[com.facebook.android:facebook-common:15.0.2] AndroidManifest.xml:43:13-52:29
194                <action android:name="android.intent.action.VIEW" />
194-->src\main\AndroidManifest.xml:62:17-69
194-->src\main\AndroidManifest.xml:62:25-66
195
196                <category android:name="android.intent.category.DEFAULT" />
196-->src\main\AndroidManifest.xml:64:17-76
196-->src\main\AndroidManifest.xml:64:27-73
197                <category android:name="android.intent.category.BROWSABLE" />
197-->src\main\AndroidManifest.xml:65:17-78
197-->src\main\AndroidManifest.xml:65:27-75
198
199                <data
200                    android:host="cct.com.i2donate"
201                    android:scheme="fbconnect" />
201-->src\main\AndroidManifest.xml:67:23-66
202            </intent-filter>
203        </activity> <!-- facebooklogin -->
204        <activity
204-->src\main\AndroidManifest.xml:170:9-173:76
205            android:name="com.i2donate.Activity.LoginActivity"
205-->src\main\AndroidManifest.xml:171:13-51
206            android:theme="@style/ChatBackground"
206-->src\main\AndroidManifest.xml:172:13-50
207            android:windowSoftInputMode="adjustResize|stateAlwaysHidden" />
207-->src\main\AndroidManifest.xml:173:13-73
208        <activity
208-->src\main\AndroidManifest.xml:174:9-182:20
209            android:name="com.i2donate.Activity.SplashScreenActivity"
209-->src\main\AndroidManifest.xml:175:13-58
210            android:theme="@style/inter_splash_screen" >
210-->src\main\AndroidManifest.xml:176:13-55
211            <intent-filter>
211-->src\main\AndroidManifest.xml:177:13-181:29
212                <action android:name="android.intent.action.MAIN" />
212-->src\main\AndroidManifest.xml:178:17-69
212-->src\main\AndroidManifest.xml:178:25-66
213
214                <category android:name="android.intent.category.LAUNCHER" />
214-->src\main\AndroidManifest.xml:180:17-77
214-->src\main\AndroidManifest.xml:180:27-74
215            </intent-filter>
216        </activity>
217        <activity android:name="com.i2donate.Activity.MyspaceActivity" />
217-->src\main\AndroidManifest.xml:183:9-62
217-->src\main\AndroidManifest.xml:183:19-59
218        <activity android:name="com.i2donate.CommonActivity.CommonMenuActivity" />
218-->src\main\AndroidManifest.xml:184:9-71
218-->src\main\AndroidManifest.xml:184:19-68
219        <activity
219-->src\main\AndroidManifest.xml:185:9-187:58
220            android:name="com.i2donate.Activity.BrowseActivity"
220-->src\main\AndroidManifest.xml:186:13-52
221            android:windowSoftInputMode="adjustResize" />
221-->src\main\AndroidManifest.xml:187:13-55
222
223        <meta-data
223-->src\main\AndroidManifest.xml:189:9-191:71
224            android:name="com.google.android.geo.API_KEY"
224-->src\main\AndroidManifest.xml:190:13-58
225            android:value="AIzaSyDfOZf_bITlewuOVvnVICvjQ70VdFHmR2Q" />
225-->src\main\AndroidManifest.xml:191:13-68
226        <meta-data
226-->src\main\AndroidManifest.xml:192:9-194:69
227            android:name="com.google.android.gms.version"
227-->src\main\AndroidManifest.xml:193:13-58
228            android:value="@integer/google_play_services_version" />
228-->src\main\AndroidManifest.xml:194:13-66
229
230        <!-- <meta-data -->
231        <!-- android:name="com.facebook.sdk.ApplicationId" -->
232        <!-- android:value="@string/facebook_app_id" /> -->
233
234        <meta-data
234-->src\main\AndroidManifest.xml:200:9-107
235            android:name="com.facebook.sdk.ApplicationId"
235-->src\main\AndroidManifest.xml:200:20-65
236            android:value="@string/facebook_app_id" />
236-->src\main\AndroidManifest.xml:200:66-105
237        <meta-data
237-->src\main\AndroidManifest.xml:201:9-111
238            android:name="com.facebook.sdk.ClientToken"
238-->src\main\AndroidManifest.xml:201:20-63
239            android:value="@string/facebook_client_token" />
239-->src\main\AndroidManifest.xml:201:64-109
240
241        <receiver
241-->src\main\AndroidManifest.xml:203:9-209:20
242            android:name="com.i2donate.Interwork.ConnectivityReceiver"
242-->src\main\AndroidManifest.xml:204:13-59
243            android:enabled="true" >
243-->src\main\AndroidManifest.xml:205:13-35
244            <intent-filter>
244-->src\main\AndroidManifest.xml:206:13-208:29
245                <action android:name="android.net.conn.CONNECTIVITY_CHANGE" />
245-->src\main\AndroidManifest.xml:207:17-79
245-->src\main\AndroidManifest.xml:207:25-76
246            </intent-filter>
247        </receiver>
248
249        <meta-data
249-->src\main\AndroidManifest.xml:211:9-213:57
250            android:name="com.google.firebase.messaging.default_notification_icon"
250-->src\main\AndroidManifest.xml:212:13-83
251            android:resource="@drawable/idonate_logo" />
251-->src\main\AndroidManifest.xml:213:13-54
252        <!--
253 Set color used with incoming notification messages. This is used when no color is set for the incoming
254             notification message. See README(https://goo.gl/6BKBk7) for more.
255        -->
256        <meta-data
256-->src\main\AndroidManifest.xml:218:9-220:53
257            android:name="com.google.firebase.messaging.default_notification_color"
257-->src\main\AndroidManifest.xml:219:13-84
258            android:resource="@color/colorAccent" />
258-->src\main\AndroidManifest.xml:220:13-50
259        <meta-data
259-->src\main\AndroidManifest.xml:221:9-223:37
260            android:name="firebase_messaging_auto_init_enabled"
260-->src\main\AndroidManifest.xml:222:13-64
261            android:value="false" />
261-->src\main\AndroidManifest.xml:223:13-34
262        <meta-data
262-->src\main\AndroidManifest.xml:224:9-226:37
263            android:name="firebase_analytics_collection_enabled"
263-->src\main\AndroidManifest.xml:225:13-65
264            android:value="false" />
264-->src\main\AndroidManifest.xml:226:13-34
265
266        <activity
266-->[com.twitter.sdk.android:tweet-ui:3.1.1] AndroidManifest.xml:28:9-31:49
267            android:name="com.twitter.sdk.android.tweetui.PlayerActivity"
267-->[com.twitter.sdk.android:tweet-ui:3.1.1] AndroidManifest.xml:29:13-74
268            android:configChanges="keyboardHidden|orientation|screenSize"
268-->[com.twitter.sdk.android:tweet-ui:3.1.1] AndroidManifest.xml:30:13-74
269            android:theme="@style/MediaTheme" />
269-->[com.twitter.sdk.android:tweet-ui:3.1.1] AndroidManifest.xml:31:13-46
270        <activity
270-->[com.twitter.sdk.android:tweet-ui:3.1.1] AndroidManifest.xml:32:9-34:49
271            android:name="com.twitter.sdk.android.tweetui.GalleryActivity"
271-->[com.twitter.sdk.android:tweet-ui:3.1.1] AndroidManifest.xml:33:13-75
272            android:theme="@style/MediaTheme" />
272-->[com.twitter.sdk.android:tweet-ui:3.1.1] AndroidManifest.xml:34:13-46
273        <activity
273-->[com.twitter.sdk.android:tweet-composer:3.1.1] AndroidManifest.xml:28:9-31:71
274            android:name="com.twitter.sdk.android.tweetcomposer.ComposerActivity"
274-->[com.twitter.sdk.android:tweet-composer:3.1.1] AndroidManifest.xml:29:13-82
275            android:exported="false"
275-->[com.twitter.sdk.android:tweet-composer:3.1.1] AndroidManifest.xml:30:13-37
276            android:windowSoftInputMode="adjustResize|stateVisible" />
276-->[com.twitter.sdk.android:tweet-composer:3.1.1] AndroidManifest.xml:31:13-68
277
278        <service
278-->[com.twitter.sdk.android:tweet-composer:3.1.1] AndroidManifest.xml:33:9-36:40
279            android:name="com.twitter.sdk.android.tweetcomposer.TweetUploadService"
279-->[com.twitter.sdk.android:tweet-composer:3.1.1] AndroidManifest.xml:34:13-84
280            android:enabled="true"
280-->[com.twitter.sdk.android:tweet-composer:3.1.1] AndroidManifest.xml:35:13-35
281            android:exported="false" />
281-->[com.twitter.sdk.android:tweet-composer:3.1.1] AndroidManifest.xml:36:13-37
282
283        <activity
283-->[com.twitter.sdk.android:twitter-core:3.1.1] AndroidManifest.xml:28:9-32:40
284            android:name="com.twitter.sdk.android.core.identity.OAuthActivity"
284-->[com.twitter.sdk.android:twitter-core:3.1.1] AndroidManifest.xml:29:13-79
285            android:configChanges="orientation|screenSize"
285-->[com.twitter.sdk.android:twitter-core:3.1.1] AndroidManifest.xml:30:13-59
286            android:excludeFromRecents="true"
286-->[com.twitter.sdk.android:twitter-core:3.1.1] AndroidManifest.xml:31:13-46
287            android:exported="false" />
287-->[com.twitter.sdk.android:twitter-core:3.1.1] AndroidManifest.xml:32:13-37
288        <activity
288-->[com.karumi:dexter:5.0.0] AndroidManifest.xml:27:9-29:72
289            android:name="com.karumi.dexter.DexterActivity"
289-->[com.karumi:dexter:5.0.0] AndroidManifest.xml:28:13-60
290            android:theme="@style/Dexter.Internal.Theme.Transparent" />
290-->[com.karumi:dexter:5.0.0] AndroidManifest.xml:29:13-69
291        <activity
291-->[com.braintreepayments.api:drop-in:3.7.1] AndroidManifest.xml:18:9-20:62
292            android:name="com.braintreepayments.api.threedsecure.ThreeDSecureWebViewActivity"
292-->[com.braintreepayments.api:drop-in:3.7.1] AndroidManifest.xml:19:13-94
293            android:theme="@style/bt_three_d_secure_theme" />
293-->[com.braintreepayments.api:drop-in:3.7.1] AndroidManifest.xml:20:13-59
294        <activity
294-->[com.braintreepayments.api:drop-in:3.7.1] AndroidManifest.xml:21:9-23:64
295            android:name="com.braintreepayments.api.dropin.DropInActivity"
295-->[com.braintreepayments.api:drop-in:3.7.1] AndroidManifest.xml:22:13-75
296            android:theme="@style/bt_drop_in_activity_theme" />
296-->[com.braintreepayments.api:drop-in:3.7.1] AndroidManifest.xml:23:13-61
297        <activity
297-->[com.braintreepayments.api:drop-in:3.7.1] AndroidManifest.xml:24:9-26:65
298            android:name="com.braintreepayments.api.dropin.AddCardActivity"
298-->[com.braintreepayments.api:drop-in:3.7.1] AndroidManifest.xml:25:13-76
299            android:theme="@style/bt_add_card_activity_theme" />
299-->[com.braintreepayments.api:drop-in:3.7.1] AndroidManifest.xml:26:13-62
300        <activity
300-->[com.braintreepayments.api:drop-in:3.7.1] AndroidManifest.xml:27:9-29:70
301            android:name="com.braintreepayments.api.dropin.VaultManagerActivity"
301-->[com.braintreepayments.api:drop-in:3.7.1] AndroidManifest.xml:28:13-81
302            android:theme="@style/bt_vault_manager_activity_theme" />
302-->[com.braintreepayments.api:drop-in:3.7.1] AndroidManifest.xml:29:13-67
303        <activity
303-->[com.google.android.libraries.places:places:2.6.0] AndroidManifest.xml:14:9-20:20
304            android:name="com.google.android.libraries.places.widget.AutocompleteActivity"